{"/Users/ismaelsousa/projects/fleye/workshop/mvvm/src/App.tsx": {"path":"/Users/ismaelsousa/projects/fleye/workshop/mvvm/src/App.tsx","statementMap":{"0":{"start":{"line":4,"column":22},"end":{"line":6,"column":1}},"1":{"start":{"line":5,"column":2},"end":{"line":5,"column":23}}},"fnMap":{"0":{"name":"(anonymous_0)","decl":{"start":{"line":4,"column":22},"end":{"line":4,"column":23}},"loc":{"start":{"line":4,"column":28},"end":{"line":6,"column":1}},"line":4}},"branchMap":{},"s":{"0":1,"1":1},"f":{"0":1},"b":{},"_coverageSchema":"1a1c01bbd47fc00a2c39e90264f33305004495a9","hash":"4e465d3afd9509a4cfab8dfcd186290367d6c9da"}
,"/Users/ismaelsousa/projects/fleye/workshop/mvvm/src/pages/login/view.model.ts": {"path":"/Users/ismaelsousa/projects/fleye/workshop/mvvm/src/pages/login/view.model.ts","statementMap":{"0":{"start":{"line":6,"column":26},"end":{"line":39,"column":1}},"1":{"start":{"line":7,"column":28},"end":{"line":7,"column":48}},"2":{"start":{"line":8,"column":34},"end":{"line":8,"column":54}},"3":{"start":{"line":10,"column":36},"end":{"line":10,"column":60}},"4":{"start":{"line":12,"column":19},"end":{"line":26,"column":3}},"5":{"start":{"line":13,"column":4},"end":{"line":13,"column":35}},"6":{"start":{"line":14,"column":4},"end":{"line":25,"column":5}},"7":{"start":{"line":15,"column":6},"end":{"line":15,"column":25}},"8":{"start":{"line":16,"column":23},"end":{"line":16,"column":53}},"9":{"start":{"line":17,"column":6},"end":{"line":17,"column":28}},"10":{"start":{"line":21,"column":6},"end":{"line":21,"column":21}},"11":{"start":{"line":22,"column":6},"end":{"line":22,"column":51}},"12":{"start":{"line":24,"column":6},"end":{"line":24,"column":26}},"13":{"start":{"line":31,"column":2},"end":{"line":38,"column":4}}},"fnMap":{"0":{"name":"(anonymous_0)","decl":{"start":{"line":6,"column":26},"end":{"line":6,"column":27}},"loc":{"start":{"line":6,"column":48},"end":{"line":39,"column":1}},"line":6},"1":{"name":"(anonymous_1)","decl":{"start":{"line":12,"column":19},"end":{"line":12,"column":20}},"loc":{"start":{"line":12,"column":31},"end":{"line":26,"column":3}},"line":12}},"branchMap":{},"s":{"0":2,"1":11,"2":11,"3":11,"4":11,"5":2,"6":2,"7":2,"8":2,"9":1,"10":1,"11":1,"12":2,"13":11},"f":{"0":11,"1":2},"b":{},"_coverageSchema":"1a1c01bbd47fc00a2c39e90264f33305004495a9","hash":"24768bb95c46a7a53961f20caa67576e23bb590e"}
,"/Users/ismaelsousa/projects/fleye/workshop/mvvm/src/pages/login/view.tsx": {"path":"/Users/ismaelsousa/projects/fleye/workshop/mvvm/src/pages/login/view.tsx","statementMap":{"0":{"start":{"line":12,"column":28},"end":{"line":37,"column":1}},"1":{"start":{"line":14,"column":4},"end":{"line":14,"column":23}},"2":{"start":{"line":16,"column":2},"end":{"line":16,"column":33}},"3":{"start":{"line":18,"column":2},"end":{"line":36,"column":4}},"4":{"start":{"line":41,"column":15},"end":{"line":47,"column":2}}},"fnMap":{"0":{"name":"(anonymous_0)","decl":{"start":{"line":12,"column":28},"end":{"line":12,"column":29}},"loc":{"start":{"line":12,"column":34},"end":{"line":37,"column":1}},"line":12}},"branchMap":{},"s":{"0":2,"1":6,"2":6,"3":6,"4":2},"f":{"0":6},"b":{},"_coverageSchema":"1a1c01bbd47fc00a2c39e90264f33305004495a9","hash":"20a580294baa9edee1e1ba0b19cf6ec478294994"}
,"/Users/ismaelsousa/projects/fleye/workshop/mvvm/src/repositories/auth.repository.ts": {"path":"/Users/ismaelsousa/projects/fleye/workshop/mvvm/src/repositories/auth.repository.ts","statementMap":{"0":{"start":{"line":9,"column":21},"end":{"line":16,"column":1}},"1":{"start":{"line":10,"column":17},"end":{"line":13,"column":4}},"2":{"start":{"line":15,"column":2},"end":{"line":15,"column":14}}},"fnMap":{"0":{"name":"(anonymous_0)","decl":{"start":{"line":9,"column":21},"end":{"line":9,"column":22}},"loc":{"start":{"line":9,"column":60},"end":{"line":16,"column":1}},"line":9}},"branchMap":{},"s":{"0":2,"1":2,"2":1},"f":{"0":2},"b":{},"_coverageSchema":"1a1c01bbd47fc00a2c39e90264f33305004495a9","hash":"0b553517d6eb74611e539ec1d8f93d842a8dff96"}
,"/Users/ismaelsousa/projects/fleye/workshop/mvvm/src/repositories/client.ts": {"path":"/Users/ismaelsousa/projects/fleye/workshop/mvvm/src/repositories/client.ts","statementMap":{"0":{"start":{"line":3,"column":15},"end":{"line":5,"column":2}}},"fnMap":{},"branchMap":{},"s":{"0":2},"f":{},"b":{},"_coverageSchema":"1a1c01bbd47fc00a2c39e90264f33305004495a9","hash":"798dfabf11b06a760a743b3b69583d2698af8608"}
}
